{"/home/marsh-office/Restart/libs/papergrid/bloom-grid/src/rowStore.ts": {"path":"/home/marsh-office/Restart/libs/papergrid/bloom-grid/src/rowStore.ts","statementMap":{"0":{"start":{"line":9,"column":2},"end":{"line":13,"column":null}},"1":{"start":{"line":9,"column":15},"end":{"line":9,"column":18}},"2":{"start":{"line":10,"column":4},"end":{"line":10,"column":null}},"3":{"start":{"line":10,"column":71},"end":{"line":10,"column":null}},"4":{"start":{"line":11,"column":4},"end":{"line":12,"column":null}},"5":{"start":{"line":11,"column":60},"end":{"line":11,"column":null}},"6":{"start":{"line":12,"column":9},"end":{"line":12,"column":null}},"7":{"start":{"line":14,"column":2},"end":{"line":14,"column":null}},"8":{"start":{"line":16,"column":20},"end":{"line":16,"column":null}},"9":{"start":{"line":39,"column":19},"end":{"line":39,"column":null}},"10":{"start":{"line":40,"column":17},"end":{"line":40,"column":null}},"11":{"start":{"line":42,"column":14},"end":{"line":42,"column":null}},"12":{"start":{"line":43,"column":14},"end":{"line":43,"column":null}},"13":{"start":{"line":44,"column":15},"end":{"line":44,"column":null}},"14":{"start":{"line":45,"column":16},"end":{"line":45,"column":null}},"15":{"start":{"line":47,"column":17},"end":{"line":50,"column":null}},"16":{"start":{"line":48,"column":4},"end":{"line":48,"column":null}},"17":{"start":{"line":49,"column":4},"end":{"line":49,"column":null}},"18":{"start":{"line":49,"column":25},"end":{"line":49,"column":29}},"19":{"start":{"line":52,"column":2},"end":{"line":95,"column":null}},"20":{"start":{"line":54,"column":6},"end":{"line":54,"column":null}},"21":{"start":{"line":54,"column":38},"end":{"line":54,"column":null}},"22":{"start":{"line":55,"column":6},"end":{"line":58,"column":null}},"23":{"start":{"line":56,"column":8},"end":{"line":56,"column":null}},"24":{"start":{"line":57,"column":8},"end":{"line":57,"column":null}},"25":{"start":{"line":59,"column":6},"end":{"line":59,"column":null}},"26":{"start":{"line":62,"column":6},"end":{"line":62,"column":null}},"27":{"start":{"line":65,"column":23},"end":{"line":65,"column":null}},"28":{"start":{"line":66,"column":6},"end":{"line":66,"column":null}},"29":{"start":{"line":69,"column":6},"end":{"line":69,"column":null}},"30":{"start":{"line":69,"column":28},"end":{"line":69,"column":null}},"31":{"start":{"line":70,"column":6},"end":{"line":70,"column":null}},"32":{"start":{"line":73,"column":6},"end":{"line":73,"column":null}},"33":{"start":{"line":74,"column":6},"end":{"line":76,"column":null}},"34":{"start":{"line":75,"column":8},"end":{"line":75,"column":null}},"35":{"start":{"line":79,"column":6},"end":{"line":79,"column":null}},"36":{"start":{"line":82,"column":6},"end":{"line":82,"column":null}},"37":{"start":{"line":85,"column":6},"end":{"line":85,"column":null}},"38":{"start":{"line":86,"column":6},"end":{"line":86,"column":null}},"39":{"start":{"line":87,"column":6},"end":{"line":87,"column":null}},"40":{"start":{"line":90,"column":6},"end":{"line":93,"column":null}},"41":{"start":{"line":91,"column":25},"end":{"line":91,"column":null}},"42":{"start":{"line":92,"column":8},"end":{"line":92,"column":null}}},"fnMap":{"0":{"name":"resolveBloomFilter","decl":{"start":{"line":8,"column":9},"end":{"line":8,"column":28}},"loc":{"start":{"line":8,"column":43},"end":{"line":15,"column":null}},"line":8},"1":{"name":"createRowStore","decl":{"start":{"line":36,"column":16},"end":{"line":36,"column":null}},"loc":{"start":{"line":38,"column":18},"end":{"line":96,"column":null}},"line":38},"2":{"name":"(anonymous_2)","decl":{"start":{"line":47,"column":17},"end":{"line":47,"column":23}},"loc":{"start":{"line":47,"column":23},"end":{"line":50,"column":null}},"line":47},"3":{"name":"(anonymous_3)","decl":{"start":{"line":49,"column":17},"end":{"line":49,"column":18}},"loc":{"start":{"line":49,"column":25},"end":{"line":49,"column":29}},"line":49},"4":{"name":"(anonymous_4)","decl":{"start":{"line":53,"column":4},"end":{"line":53,"column":11}},"loc":{"start":{"line":53,"column":17},"end":{"line":60,"column":null}},"line":53},"5":{"name":"(anonymous_5)","decl":{"start":{"line":61,"column":4},"end":{"line":61,"column":8}},"loc":{"start":{"line":61,"column":12},"end":{"line":63,"column":null}},"line":61},"6":{"name":"(anonymous_6)","decl":{"start":{"line":64,"column":4},"end":{"line":64,"column":8}},"loc":{"start":{"line":64,"column":15},"end":{"line":67,"column":null}},"line":64},"7":{"name":"(anonymous_7)","decl":{"start":{"line":68,"column":4},"end":{"line":68,"column":16}},"loc":{"start":{"line":68,"column":16},"end":{"line":71,"column":null}},"line":68},"8":{"name":"(anonymous_8)","decl":{"start":{"line":72,"column":4},"end":{"line":72,"column":14}},"loc":{"start":{"line":72,"column":18},"end":{"line":77,"column":null}},"line":72},"9":{"name":"(anonymous_9)","decl":{"start":{"line":74,"column":13},"end":{"line":74,"column":19}},"loc":{"start":{"line":74,"column":19},"end":{"line":76,"column":null}},"line":74},"10":{"name":"(anonymous_10)","decl":{"start":{"line":78,"column":4},"end":{"line":78,"column":17}},"loc":{"start":{"line":78,"column":17},"end":{"line":80,"column":null}},"line":78},"11":{"name":"(anonymous_11)","decl":{"start":{"line":81,"column":4},"end":{"line":81,"column":11}},"loc":{"start":{"line":81,"column":11},"end":{"line":83,"column":null}},"line":81},"12":{"name":"(anonymous_12)","decl":{"start":{"line":84,"column":4},"end":{"line":84,"column":12}},"loc":{"start":{"line":84,"column":12},"end":{"line":88,"column":null}},"line":84},"13":{"name":"(anonymous_13)","decl":{"start":{"line":89,"column":4},"end":{"line":89,"column":16}},"loc":{"start":{"line":89,"column":26},"end":{"line":94,"column":null}},"line":89},"14":{"name":"(anonymous_14)","decl":{"start":{"line":90,"column":29},"end":{"line":90,"column":30}},"loc":{"start":{"line":90,"column":36},"end":{"line":93,"column":7}},"line":90}},"branchMap":{"0":{"loc":{"start":{"line":10,"column":4},"end":{"line":10,"column":null}},"type":"if","locations":[{"start":{"line":10,"column":4},"end":{"line":10,"column":null}},{"start":{},"end":{}}],"line":10},"1":{"loc":{"start":{"line":10,"column":8},"end":{"line":10,"column":71}},"type":"binary-expr","locations":[{"start":{"line":10,"column":8},"end":{"line":10,"column":37}},{"start":{"line":10,"column":37},"end":{"line":10,"column":71}}],"line":10},"2":{"loc":{"start":{"line":11,"column":4},"end":{"line":12,"column":null}},"type":"if","locations":[{"start":{"line":11,"column":4},"end":{"line":12,"column":null}},{"start":{"line":12,"column":9},"end":{"line":12,"column":null}}],"line":11},"3":{"loc":{"start":{"line":11,"column":8},"end":{"line":11,"column":60}},"type":"binary-expr","locations":[{"start":{"line":11,"column":8},"end":{"line":11,"column":15}},{"start":{"line":11,"column":15},"end":{"line":11,"column":42}},{"start":{"line":11,"column":42},"end":{"line":11,"column":60}}],"line":11},"4":{"loc":{"start":{"line":37,"column":2},"end":{"line":37,"column":null}},"type":"default-arg","locations":[{"start":{"line":37,"column":26},"end":{"line":37,"column":null}}],"line":37},"5":{"loc":{"start":{"line":39,"column":19},"end":{"line":39,"column":null}},"type":"binary-expr","locations":[{"start":{"line":39,"column":19},"end":{"line":39,"column":36}},{"start":{"line":39,"column":36},"end":{"line":39,"column":null}}],"line":39},"6":{"loc":{"start":{"line":40,"column":17},"end":{"line":40,"column":null}},"type":"binary-expr","locations":[{"start":{"line":40,"column":17},"end":{"line":40,"column":32}},{"start":{"line":40,"column":32},"end":{"line":40,"column":null}}],"line":40},"7":{"loc":{"start":{"line":54,"column":6},"end":{"line":54,"column":null}},"type":"if","locations":[{"start":{"line":54,"column":6},"end":{"line":54,"column":null}},{"start":{},"end":{}}],"line":54},"8":{"loc":{"start":{"line":54,"column":10},"end":{"line":54,"column":38}},"type":"binary-expr","locations":[{"start":{"line":54,"column":10},"end":{"line":54,"column":19}},{"start":{"line":54,"column":19},"end":{"line":54,"column":38}}],"line":54},"9":{"loc":{"start":{"line":66,"column":13},"end":{"line":66,"column":null}},"type":"binary-expr","locations":[{"start":{"line":66,"column":13},"end":{"line":66,"column":39}},{"start":{"line":66,"column":39},"end":{"line":66,"column":null}}],"line":66},"10":{"loc":{"start":{"line":69,"column":6},"end":{"line":69,"column":null}},"type":"if","locations":[{"start":{"line":69,"column":6},"end":{"line":69,"column":null}},{"start":{},"end":{}}],"line":69},"11":{"loc":{"start":{"line":92,"column":15},"end":{"line":92,"column":null}},"type":"binary-expr","locations":[{"start":{"line":92,"column":15},"end":{"line":92,"column":41}},{"start":{"line":92,"column":41},"end":{"line":92,"column":null}}],"line":92}},"s":{"0":2,"1":2,"2":4,"3":2,"4":2,"5":2,"6":0,"7":0,"8":2,"9":8,"10":8,"11":8,"12":8,"13":8,"14":8,"15":8,"16":11,"17":11,"18":2,"19":8,"20":9,"21":0,"22":9,"23":17,"24":17,"25":9,"26":3,"27":3,"28":3,"29":5,"30":2,"31":3,"32":1,"33":1,"34":1,"35":2,"36":2,"37":2,"38":2,"39":2,"40":1,"41":3,"42":3},"f":{"0":2,"1":8,"2":11,"3":2,"4":9,"5":3,"6":3,"7":5,"8":1,"9":1,"10":2,"11":2,"12":2,"13":1,"14":3},"b":{"0":[2,2],"1":[4,2],"2":[2,0],"3":[2,2,2],"4":[8],"5":[8,8],"6":[8,8],"7":[0,9],"8":[9,9],"9":[3,2],"10":[2,3],"11":[3,2]},"meta":{"lastBranch":12,"lastFunction":15,"lastStatement":43,"seen":{"f:8:9:8:28":0,"s:9:2:13:Infinity":0,"s:9:15:9:18":1,"b:10:4:10:Infinity:undefined:undefined:undefined:undefined":0,"s:10:4:10:Infinity":2,"b:10:8:10:37:10:37:10:71":1,"s:10:71:10:Infinity":3,"b:11:4:12:Infinity:12:9:12:Infinity":2,"s:11:4:12:Infinity":4,"b:11:8:11:15:11:15:11:42:11:42:11:60":3,"s:11:60:11:Infinity":5,"s:12:9:12:Infinity":6,"s:14:2:14:Infinity":7,"s:16:20:16:Infinity":8,"f:36:16:36:Infinity":1,"b:37:26:37:Infinity":4,"s:39:19:39:Infinity":9,"b:39:19:39:36:39:36:39:Infinity":5,"s:40:17:40:Infinity":10,"b:40:17:40:32:40:32:40:Infinity":6,"s:42:14:42:Infinity":11,"s:43:14:43:Infinity":12,"s:44:15:44:Infinity":13,"s:45:16:45:Infinity":14,"s:47:17:50:Infinity":15,"f:47:17:47:23":2,"s:48:4:48:Infinity":16,"s:49:4:49:Infinity":17,"f:49:17:49:18":3,"s:49:25:49:29":18,"s:52:2:95:Infinity":19,"f:53:4:53:11":4,"b:54:6:54:Infinity:undefined:undefined:undefined:undefined":7,"s:54:6:54:Infinity":20,"b:54:10:54:19:54:19:54:38":8,"s:54:38:54:Infinity":21,"s:55:6:58:Infinity":22,"s:56:8:56:Infinity":23,"s:57:8:57:Infinity":24,"s:59:6:59:Infinity":25,"f:61:4:61:8":5,"s:62:6:62:Infinity":26,"f:64:4:64:8":6,"s:65:23:65:Infinity":27,"s:66:6:66:Infinity":28,"b:66:13:66:39:66:39:66:Infinity":9,"f:68:4:68:16":7,"b:69:6:69:Infinity:undefined:undefined:undefined:undefined":10,"s:69:6:69:Infinity":29,"s:69:28:69:Infinity":30,"s:70:6:70:Infinity":31,"f:72:4:72:14":8,"s:73:6:73:Infinity":32,"s:74:6:76:Infinity":33,"f:74:13:74:19":9,"s:75:8:75:Infinity":34,"f:78:4:78:17":10,"s:79:6:79:Infinity":35,"f:81:4:81:11":11,"s:82:6:82:Infinity":36,"f:84:4:84:12":12,"s:85:6:85:Infinity":37,"s:86:6:86:Infinity":38,"s:87:6:87:Infinity":39,"f:89:4:89:16":13,"s:90:6:93:Infinity":40,"f:90:29:90:30":14,"s:91:25:91:Infinity":41,"s:92:8:92:Infinity":42,"b:92:15:92:41:92:41:92:Infinity":11}}}
,"/home/marsh-office/Restart/libs/papergrid/bloom-grid/src/server.ts": {"path":"/home/marsh-office/Restart/libs/papergrid/bloom-grid/src/server.ts","statementMap":{"0":{"start":{"line":4,"column":2},"end":{"line":8,"column":null}},"1":{"start":{"line":4,"column":15},"end":{"line":4,"column":18}},"2":{"start":{"line":5,"column":4},"end":{"line":5,"column":null}},"3":{"start":{"line":5,"column":71},"end":{"line":5,"column":null}},"4":{"start":{"line":6,"column":4},"end":{"line":7,"column":null}},"5":{"start":{"line":6,"column":60},"end":{"line":6,"column":null}},"6":{"start":{"line":7,"column":9},"end":{"line":7,"column":null}},"7":{"start":{"line":9,"column":2},"end":{"line":9,"column":null}},"8":{"start":{"line":11,"column":20},"end":{"line":11,"column":null}},"9":{"start":{"line":35,"column":2},"end":{"line":68,"column":null}},"10":{"start":{"line":38,"column":21},"end":{"line":43,"column":null}},"11":{"start":{"line":46,"column":4},"end":{"line":58,"column":null}},"12":{"start":{"line":47,"column":6},"end":{"line":47,"column":null}},"13":{"start":{"line":47,"column":39},"end":{"line":47,"column":43}},"14":{"start":{"line":54,"column":20},"end":{"line":54,"column":null}},"15":{"start":{"line":55,"column":6},"end":{"line":57,"column":null}},"16":{"start":{"line":56,"column":23},"end":{"line":56,"column":51}},"17":{"start":{"line":57,"column":20},"end":{"line":57,"column":24}},"18":{"start":{"line":60,"column":26},"end":{"line":65,"column":null}},"19":{"start":{"line":67,"column":4},"end":{"line":67,"column":null}}},"fnMap":{"0":{"name":"resolveBloomFilter","decl":{"start":{"line":3,"column":9},"end":{"line":3,"column":28}},"loc":{"start":{"line":3,"column":43},"end":{"line":10,"column":null}},"line":3},"1":{"name":"createBloomHandler","decl":{"start":{"line":32,"column":16},"end":{"line":32,"column":null}},"loc":{"start":{"line":34,"column":2},"end":{"line":69,"column":null}},"line":34},"2":{"name":"handle","decl":{"start":{"line":35,"column":24},"end":{"line":35,"column":null}},"loc":{"start":{"line":37,"column":39},"end":{"line":68,"column":null}},"line":37},"3":{"name":"(anonymous_3)","decl":{"start":{"line":47,"column":32},"end":{"line":47,"column":33}},"loc":{"start":{"line":47,"column":39},"end":{"line":47,"column":43}},"line":47},"4":{"name":"(anonymous_4)","decl":{"start":{"line":56,"column":16},"end":{"line":56,"column":17}},"loc":{"start":{"line":56,"column":23},"end":{"line":56,"column":51}},"line":56},"5":{"name":"(anonymous_5)","decl":{"start":{"line":57,"column":13},"end":{"line":57,"column":14}},"loc":{"start":{"line":57,"column":20},"end":{"line":57,"column":24}},"line":57}},"branchMap":{"0":{"loc":{"start":{"line":5,"column":4},"end":{"line":5,"column":null}},"type":"if","locations":[{"start":{"line":5,"column":4},"end":{"line":5,"column":null}},{"start":{},"end":{}}],"line":5},"1":{"loc":{"start":{"line":5,"column":8},"end":{"line":5,"column":71}},"type":"binary-expr","locations":[{"start":{"line":5,"column":8},"end":{"line":5,"column":37}},{"start":{"line":5,"column":37},"end":{"line":5,"column":71}}],"line":5},"2":{"loc":{"start":{"line":6,"column":4},"end":{"line":7,"column":null}},"type":"if","locations":[{"start":{"line":6,"column":4},"end":{"line":7,"column":null}},{"start":{"line":7,"column":9},"end":{"line":7,"column":null}}],"line":6},"3":{"loc":{"start":{"line":6,"column":8},"end":{"line":6,"column":60}},"type":"binary-expr","locations":[{"start":{"line":6,"column":8},"end":{"line":6,"column":15}},{"start":{"line":6,"column":15},"end":{"line":6,"column":42}},{"start":{"line":6,"column":42},"end":{"line":6,"column":60}}],"line":6},"4":{"loc":{"start":{"line":46,"column":4},"end":{"line":58,"column":null}},"type":"if","locations":[{"start":{"line":46,"column":4},"end":{"line":58,"column":null}},{"start":{"line":48,"column":11},"end":{"line":58,"column":null}}],"line":46},"5":{"loc":{"start":{"line":61,"column":6},"end":{"line":63,"column":null}},"type":"cond-expr","locations":[{"start":{"line":62,"column":10},"end":{"line":62,"column":null}},{"start":{"line":63,"column":10},"end":{"line":63,"column":null}}],"line":61}},"s":{"0":1,"1":1,"2":2,"3":1,"4":1,"5":1,"6":0,"7":0,"8":1,"9":4,"10":4,"11":4,"12":2,"13":7,"14":2,"15":2,"16":10,"17":5,"18":4,"19":4},"f":{"0":1,"1":4,"2":4,"3":7,"4":10,"5":5},"b":{"0":[1,1],"1":[2,1],"2":[1,0],"3":[1,1,1],"4":[2,2],"5":[3,1]},"meta":{"lastBranch":6,"lastFunction":6,"lastStatement":20,"seen":{"f:3:9:3:28":0,"s:4:2:8:Infinity":0,"s:4:15:4:18":1,"b:5:4:5:Infinity:undefined:undefined:undefined:undefined":0,"s:5:4:5:Infinity":2,"b:5:8:5:37:5:37:5:71":1,"s:5:71:5:Infinity":3,"b:6:4:7:Infinity:7:9:7:Infinity":2,"s:6:4:7:Infinity":4,"b:6:8:6:15:6:15:6:42:6:42:6:60":3,"s:6:60:6:Infinity":5,"s:7:9:7:Infinity":6,"s:9:2:9:Infinity":7,"s:11:20:11:Infinity":8,"f:32:16:32:Infinity":1,"s:35:2:68:Infinity":9,"f:35:24:35:Infinity":2,"s:38:21:43:Infinity":10,"b:46:4:58:Infinity:48:11:58:Infinity":4,"s:46:4:58:Infinity":11,"s:47:6:47:Infinity":12,"f:47:32:47:33":3,"s:47:39:47:43":13,"s:54:20:54:Infinity":14,"s:55:6:57:Infinity":15,"f:56:16:56:17":4,"s:56:23:56:51":16,"f:57:13:57:14":5,"s:57:20:57:24":17,"s:60:26:65:Infinity":18,"b:62:10:62:Infinity:63:10:63:Infinity":5,"s:67:4:67:Infinity":19}}}
}
